{"/Users/onx2/Documents/projects/median/src/index.ts": {"path":"/Users/onx2/Documents/projects/median/src/index.ts","all":false,"statementMap":{"0":{"start":{"line":1,"column":0},"end":{"line":1,"column":58}},"1":{"start":{"line":2,"column":0},"end":{"line":2,"column":22}},"2":{"start":{"line":3,"column":0},"end":{"line":3,"column":18}},"3":{"start":{"line":4,"column":0},"end":{"line":4,"column":16}},"4":{"start":{"line":5,"column":0},"end":{"line":5,"column":1}},"7":{"start":{"line":8,"column":0},"end":{"line":8,"column":56}},"8":{"start":{"line":9,"column":0},"end":{"line":9,"column":14}},"9":{"start":{"line":10,"column":0},"end":{"line":10,"column":28}},"11":{"start":{"line":12,"column":0},"end":{"line":12,"column":22}},"12":{"start":{"line":13,"column":0},"end":{"line":13,"column":49}},"13":{"start":{"line":14,"column":0},"end":{"line":14,"column":27}},"14":{"start":{"line":15,"column":0},"end":{"line":15,"column":29}},"15":{"start":{"line":16,"column":0},"end":{"line":16,"column":32}},"16":{"start":{"line":17,"column":0},"end":{"line":17,"column":27}},"17":{"start":{"line":18,"column":0},"end":{"line":18,"column":12}},"18":{"start":{"line":19,"column":0},"end":{"line":19,"column":28}},"19":{"start":{"line":20,"column":0},"end":{"line":20,"column":5}},"20":{"start":{"line":21,"column":0},"end":{"line":21,"column":3}},"22":{"start":{"line":23,"column":0},"end":{"line":23,"column":18}},"23":{"start":{"line":24,"column":0},"end":{"line":24,"column":1}},"26":{"start":{"line":27,"column":0},"end":{"line":27,"column":70}},"27":{"start":{"line":28,"column":0},"end":{"line":28,"column":25}},"28":{"start":{"line":29,"column":0},"end":{"line":29,"column":21}},"29":{"start":{"line":30,"column":0},"end":{"line":30,"column":19}},"31":{"start":{"line":32,"column":0},"end":{"line":32,"column":16}},"32":{"start":{"line":33,"column":0},"end":{"line":33,"column":49}},"33":{"start":{"line":34,"column":0},"end":{"line":34,"column":13}},"34":{"start":{"line":35,"column":0},"end":{"line":35,"column":5}},"35":{"start":{"line":36,"column":0},"end":{"line":36,"column":49}},"36":{"start":{"line":37,"column":0},"end":{"line":37,"column":14}},"37":{"start":{"line":38,"column":0},"end":{"line":38,"column":5}},"38":{"start":{"line":39,"column":0},"end":{"line":39,"column":24}},"39":{"start":{"line":40,"column":0},"end":{"line":40,"column":12}},"40":{"start":{"line":41,"column":0},"end":{"line":41,"column":5}},"41":{"start":{"line":42,"column":0},"end":{"line":42,"column":27}},"42":{"start":{"line":43,"column":0},"end":{"line":43,"column":3}},"44":{"start":{"line":45,"column":0},"end":{"line":45,"column":24}},"45":{"start":{"line":46,"column":0},"end":{"line":46,"column":15}},"46":{"start":{"line":47,"column":0},"end":{"line":47,"column":1}},"49":{"start":{"line":50,"column":0},"end":{"line":50,"column":47}},"50":{"start":{"line":51,"column":0},"end":{"line":51,"column":23}},"51":{"start":{"line":52,"column":0},"end":{"line":52,"column":41}},"52":{"start":{"line":53,"column":0},"end":{"line":53,"column":42}},"54":{"start":{"line":55,"column":0},"end":{"line":55,"column":20}},"55":{"start":{"line":56,"column":0},"end":{"line":56,"column":18}},"56":{"start":{"line":57,"column":0},"end":{"line":57,"column":10}},"57":{"start":{"line":58,"column":0},"end":{"line":58,"column":52}},"58":{"start":{"line":59,"column":0},"end":{"line":59,"column":37}},"59":{"start":{"line":60,"column":0},"end":{"line":60,"column":3}},"60":{"start":{"line":61,"column":0},"end":{"line":61,"column":1}}},"s":{"0":10104087,"1":10104087,"2":10104087,"3":10104087,"4":10104087,"7":522,"8":522,"9":522,"11":522,"12":24351,"13":24351,"14":342,"15":24351,"16":21357,"17":24009,"18":2652,"19":2652,"20":24351,"22":180,"23":180,"26":24351,"27":24351,"28":24351,"29":24351,"31":24351,"32":10104087,"33":30076242,"34":30076242,"35":10104087,"36":552955560,"37":552955560,"38":10104087,"39":24351,"40":24351,"41":10079736,"42":10079736,"44":24351,"45":24351,"46":24351,"49":1,"50":267,"51":267,"52":267,"54":267,"55":12,"56":267,"57":255,"58":255,"59":255,"60":267},"branchMap":{"0":{"type":"branch","line":1,"loc":{"start":{"line":1,"column":0},"end":{"line":5,"column":1}},"locations":[{"start":{"line":1,"column":0},"end":{"line":5,"column":1}}]},"1":{"type":"branch","line":8,"loc":{"start":{"line":8,"column":0},"end":{"line":24,"column":1}},"locations":[{"start":{"line":8,"column":0},"end":{"line":24,"column":1}}]},"2":{"type":"branch","line":12,"loc":{"start":{"line":12,"column":21},"end":{"line":21,"column":3}},"locations":[{"start":{"line":12,"column":21},"end":{"line":21,"column":3}}]},"3":{"type":"branch","line":14,"loc":{"start":{"line":14,"column":26},"end":{"line":16,"column":15}},"locations":[{"start":{"line":14,"column":26},"end":{"line":16,"column":15}}]},"4":{"type":"branch","line":16,"loc":{"start":{"line":16,"column":4},"end":{"line":20,"column":5}},"locations":[{"start":{"line":16,"column":4},"end":{"line":20,"column":5}}]},"5":{"type":"branch","line":16,"loc":{"start":{"line":16,"column":31},"end":{"line":18,"column":11}},"locations":[{"start":{"line":16,"column":31},"end":{"line":18,"column":11}}]},"6":{"type":"branch","line":18,"loc":{"start":{"line":18,"column":4},"end":{"line":20,"column":5}},"locations":[{"start":{"line":18,"column":4},"end":{"line":20,"column":5}}]},"7":{"type":"branch","line":21,"loc":{"start":{"line":21,"column":2},"end":{"line":24,"column":1}},"locations":[{"start":{"line":21,"column":2},"end":{"line":24,"column":1}}]},"8":{"type":"branch","line":27,"loc":{"start":{"line":27,"column":0},"end":{"line":47,"column":1}},"locations":[{"start":{"line":27,"column":0},"end":{"line":47,"column":1}}]},"9":{"type":"branch","line":32,"loc":{"start":{"line":32,"column":15},"end":{"line":43,"column":3}},"locations":[{"start":{"line":32,"column":15},"end":{"line":43,"column":3}}]},"10":{"type":"branch","line":33,"loc":{"start":{"line":33,"column":19},"end":{"line":33,"column":48}},"locations":[{"start":{"line":33,"column":19},"end":{"line":33,"column":48}}]},"11":{"type":"branch","line":33,"loc":{"start":{"line":33,"column":48},"end":{"line":35,"column":5}},"locations":[{"start":{"line":33,"column":48},"end":{"line":35,"column":5}}]},"12":{"type":"branch","line":36,"loc":{"start":{"line":36,"column":20},"end":{"line":36,"column":48}},"locations":[{"start":{"line":36,"column":20},"end":{"line":36,"column":48}}]},"13":{"type":"branch","line":36,"loc":{"start":{"line":36,"column":48},"end":{"line":38,"column":5}},"locations":[{"start":{"line":36,"column":48},"end":{"line":38,"column":5}}]},"14":{"type":"branch","line":39,"loc":{"start":{"line":39,"column":23},"end":{"line":41,"column":5}},"locations":[{"start":{"line":39,"column":23},"end":{"line":41,"column":5}}]},"15":{"type":"branch","line":41,"loc":{"start":{"line":41,"column":4},"end":{"line":43,"column":3}},"locations":[{"start":{"line":41,"column":4},"end":{"line":43,"column":3}}]},"16":{"type":"branch","line":50,"loc":{"start":{"line":50,"column":7},"end":{"line":61,"column":1}},"locations":[{"start":{"line":50,"column":7},"end":{"line":61,"column":1}}]},"17":{"type":"branch","line":55,"loc":{"start":{"line":55,"column":19},"end":{"line":57,"column":9}},"locations":[{"start":{"line":55,"column":19},"end":{"line":57,"column":9}}]},"18":{"type":"branch","line":57,"loc":{"start":{"line":57,"column":2},"end":{"line":60,"column":3}},"locations":[{"start":{"line":57,"column":2},"end":{"line":60,"column":3}}]}},"b":{"0":[10104087],"1":[522],"2":[24351],"3":[342],"4":[24009],"5":[21357],"6":[2652],"7":[180],"8":[24351],"9":[10104087],"10":[40179952],"11":[30076242],"12":[563035296],"13":[552955560],"14":[24351],"15":[10079736],"16":[267],"17":[12],"18":[255]},"fnMap":{"0":{"name":"swap","decl":{"start":{"line":1,"column":0},"end":{"line":5,"column":1}},"loc":{"start":{"line":1,"column":0},"end":{"line":5,"column":1}},"line":1},"1":{"name":"quickSelect","decl":{"start":{"line":8,"column":0},"end":{"line":24,"column":1}},"loc":{"start":{"line":8,"column":0},"end":{"line":24,"column":1}},"line":8},"2":{"name":"partition","decl":{"start":{"line":27,"column":0},"end":{"line":47,"column":1}},"loc":{"start":{"line":27,"column":0},"end":{"line":47,"column":1}},"line":27},"3":{"name":"median","decl":{"start":{"line":50,"column":7},"end":{"line":61,"column":1}},"loc":{"start":{"line":50,"column":7},"end":{"line":61,"column":1}},"line":50}},"f":{"0":10104087,"1":522,"2":24351,"3":267}}
}
