{"/Users/onx2/Documents/projects/median/src/index.ts": {"path":"/Users/onx2/Documents/projects/median/src/index.ts","all":false,"statementMap":{"0":{"start":{"line":1,"column":0},"end":{"line":1,"column":58}},"1":{"start":{"line":2,"column":0},"end":{"line":2,"column":23}},"2":{"start":{"line":3,"column":0},"end":{"line":3,"column":19}},"3":{"start":{"line":4,"column":0},"end":{"line":4,"column":16}},"4":{"start":{"line":5,"column":0},"end":{"line":5,"column":1}},"9":{"start":{"line":10,"column":0},"end":{"line":10,"column":58}},"10":{"start":{"line":11,"column":0},"end":{"line":11,"column":31}},"11":{"start":{"line":12,"column":0},"end":{"line":12,"column":18}},"12":{"start":{"line":13,"column":0},"end":{"line":13,"column":16}},"13":{"start":{"line":14,"column":0},"end":{"line":14,"column":17}},"14":{"start":{"line":15,"column":0},"end":{"line":15,"column":14}},"15":{"start":{"line":16,"column":0},"end":{"line":16,"column":13}},"16":{"start":{"line":17,"column":0},"end":{"line":17,"column":18}},"17":{"start":{"line":18,"column":0},"end":{"line":18,"column":24}},"18":{"start":{"line":19,"column":0},"end":{"line":19,"column":23}},"19":{"start":{"line":20,"column":0},"end":{"line":20,"column":7}},"21":{"start":{"line":22,"column":0},"end":{"line":22,"column":29}},"22":{"start":{"line":23,"column":0},"end":{"line":23,"column":37}},"23":{"start":{"line":24,"column":0},"end":{"line":24,"column":31}},"24":{"start":{"line":25,"column":0},"end":{"line":25,"column":9}},"25":{"start":{"line":26,"column":0},"end":{"line":26,"column":23}},"26":{"start":{"line":27,"column":0},"end":{"line":27,"column":7}},"29":{"start":{"line":30,"column":0},"end":{"line":30,"column":50}},"31":{"start":{"line":32,"column":0},"end":{"line":32,"column":61}},"32":{"start":{"line":33,"column":0},"end":{"line":33,"column":55}},"33":{"start":{"line":34,"column":0},"end":{"line":34,"column":59}},"36":{"start":{"line":37,"column":0},"end":{"line":37,"column":33}},"39":{"start":{"line":40,"column":0},"end":{"line":40,"column":23}},"40":{"start":{"line":41,"column":0},"end":{"line":41,"column":20}},"42":{"start":{"line":43,"column":0},"end":{"line":43,"column":20}},"43":{"start":{"line":44,"column":0},"end":{"line":44,"column":16}},"44":{"start":{"line":45,"column":0},"end":{"line":45,"column":37}},"45":{"start":{"line":46,"column":0},"end":{"line":46,"column":16}},"46":{"start":{"line":47,"column":0},"end":{"line":47,"column":37}},"48":{"start":{"line":49,"column":0},"end":{"line":49,"column":27}},"50":{"start":{"line":51,"column":0},"end":{"line":51,"column":26}},"51":{"start":{"line":52,"column":0},"end":{"line":52,"column":7}},"54":{"start":{"line":55,"column":0},"end":{"line":55,"column":25}},"57":{"start":{"line":58,"column":0},"end":{"line":58,"column":28}},"58":{"start":{"line":59,"column":0},"end":{"line":59,"column":33}},"59":{"start":{"line":60,"column":0},"end":{"line":60,"column":5}},"60":{"start":{"line":61,"column":0},"end":{"line":61,"column":3}},"62":{"start":{"line":63,"column":0},"end":{"line":63,"column":38}},"64":{"start":{"line":65,"column":0},"end":{"line":65,"column":20}},"66":{"start":{"line":67,"column":0},"end":{"line":67,"column":51}},"67":{"start":{"line":68,"column":0},"end":{"line":68,"column":10}},"69":{"start":{"line":70,"column":0},"end":{"line":70,"column":60}},"70":{"start":{"line":71,"column":0},"end":{"line":71,"column":65}},"71":{"start":{"line":72,"column":0},"end":{"line":72,"column":36}},"72":{"start":{"line":73,"column":0},"end":{"line":73,"column":3}},"73":{"start":{"line":74,"column":0},"end":{"line":74,"column":1}}},"s":{"0":9116805,"1":9116805,"2":9116805,"3":9116805,"4":9116805,"9":1,"10":267,"11":522,"12":522,"13":522,"14":522,"15":522,"16":522,"17":10048,"18":383,"19":383,"21":10048,"22":139,"23":61,"24":61,"25":139,"26":139,"29":9526,"31":10048,"32":10048,"33":10048,"36":9526,"39":9526,"40":9526,"42":10048,"43":9098064,"44":9098064,"45":9098064,"46":9098064,"48":9098064,"50":9088538,"51":9088538,"54":9526,"57":10048,"58":10048,"59":10048,"60":522,"62":267,"64":267,"66":12,"67":267,"69":255,"70":255,"71":255,"72":255,"73":267},"branchMap":{"0":{"type":"branch","line":1,"loc":{"start":{"line":1,"column":0},"end":{"line":5,"column":1}},"locations":[{"start":{"line":1,"column":0},"end":{"line":5,"column":1}}]},"1":{"type":"branch","line":10,"loc":{"start":{"line":10,"column":7},"end":{"line":74,"column":1}},"locations":[{"start":{"line":10,"column":7},"end":{"line":74,"column":1}}]},"2":{"type":"branch","line":65,"loc":{"start":{"line":65,"column":19},"end":{"line":68,"column":9}},"locations":[{"start":{"line":65,"column":19},"end":{"line":68,"column":9}}]},"3":{"type":"branch","line":68,"loc":{"start":{"line":68,"column":2},"end":{"line":73,"column":3}},"locations":[{"start":{"line":68,"column":2},"end":{"line":73,"column":3}}]},"4":{"type":"branch","line":11,"loc":{"start":{"line":11,"column":2},"end":{"line":61,"column":3}},"locations":[{"start":{"line":11,"column":2},"end":{"line":61,"column":3}}]},"5":{"type":"branch","line":17,"loc":{"start":{"line":17,"column":17},"end":{"line":60,"column":5}},"locations":[{"start":{"line":17,"column":17},"end":{"line":60,"column":5}}]},"6":{"type":"branch","line":18,"loc":{"start":{"line":18,"column":23},"end":{"line":20,"column":7}},"locations":[{"start":{"line":18,"column":23},"end":{"line":20,"column":7}}]},"7":{"type":"branch","line":20,"loc":{"start":{"line":20,"column":6},"end":{"line":22,"column":28}},"locations":[{"start":{"line":20,"column":6},"end":{"line":22,"column":28}}]},"8":{"type":"branch","line":22,"loc":{"start":{"line":22,"column":28},"end":{"line":27,"column":7}},"locations":[{"start":{"line":22,"column":28},"end":{"line":27,"column":7}}]},"9":{"type":"branch","line":23,"loc":{"start":{"line":23,"column":36},"end":{"line":25,"column":9}},"locations":[{"start":{"line":23,"column":36},"end":{"line":25,"column":9}}]},"10":{"type":"branch","line":27,"loc":{"start":{"line":27,"column":6},"end":{"line":32,"column":42}},"locations":[{"start":{"line":27,"column":6},"end":{"line":32,"column":42}}]},"11":{"type":"branch","line":32,"loc":{"start":{"line":32,"column":37},"end":{"line":32,"column":61}},"locations":[{"start":{"line":32,"column":37},"end":{"line":32,"column":61}}]},"12":{"type":"branch","line":32,"loc":{"start":{"line":32,"column":59},"end":{"line":33,"column":39}},"locations":[{"start":{"line":32,"column":59},"end":{"line":33,"column":39}}]},"13":{"type":"branch","line":33,"loc":{"start":{"line":33,"column":34},"end":{"line":33,"column":55}},"locations":[{"start":{"line":33,"column":34},"end":{"line":33,"column":55}}]},"14":{"type":"branch","line":33,"loc":{"start":{"line":33,"column":53},"end":{"line":34,"column":41}},"locations":[{"start":{"line":33,"column":53},"end":{"line":34,"column":41}}]},"15":{"type":"branch","line":34,"loc":{"start":{"line":34,"column":36},"end":{"line":34,"column":59}},"locations":[{"start":{"line":34,"column":36},"end":{"line":34,"column":59}}]},"16":{"type":"branch","line":34,"loc":{"start":{"line":34,"column":57},"end":{"line":43,"column":19}},"locations":[{"start":{"line":34,"column":57},"end":{"line":43,"column":19}}]},"17":{"type":"branch","line":43,"loc":{"start":{"line":43,"column":19},"end":{"line":52,"column":7}},"locations":[{"start":{"line":43,"column":19},"end":{"line":52,"column":7}}]},"18":{"type":"branch","line":44,"loc":{"start":{"line":44,"column":11},"end":{"line":44,"column":16}},"locations":[{"start":{"line":44,"column":11},"end":{"line":44,"column":16}}]},"19":{"type":"branch","line":46,"loc":{"start":{"line":46,"column":11},"end":{"line":46,"column":16}},"locations":[{"start":{"line":46,"column":11},"end":{"line":46,"column":16}}]},"20":{"type":"branch","line":49,"loc":{"start":{"line":49,"column":21},"end":{"line":49,"column":27}},"locations":[{"start":{"line":49,"column":21},"end":{"line":49,"column":27}}]},"21":{"type":"branch","line":49,"loc":{"start":{"line":49,"column":21},"end":{"line":52,"column":7}},"locations":[{"start":{"line":49,"column":21},"end":{"line":52,"column":7}}]},"22":{"type":"branch","line":52,"loc":{"start":{"line":52,"column":6},"end":{"line":58,"column":25}},"locations":[{"start":{"line":52,"column":6},"end":{"line":58,"column":25}}]},"23":{"type":"branch","line":58,"loc":{"start":{"line":58,"column":19},"end":{"line":58,"column":28}},"locations":[{"start":{"line":58,"column":19},"end":{"line":58,"column":28}}]},"24":{"type":"branch","line":58,"loc":{"start":{"line":58,"column":25},"end":{"line":59,"column":26}},"locations":[{"start":{"line":58,"column":25},"end":{"line":59,"column":26}}]},"25":{"type":"branch","line":59,"loc":{"start":{"line":59,"column":19},"end":{"line":59,"column":33}},"locations":[{"start":{"line":59,"column":19},"end":{"line":59,"column":33}}]}},"b":{"0":[9116805],"1":[267],"2":[12],"3":[255],"4":[522],"5":[10048],"6":[383],"7":[9665],"8":[139],"9":[61],"10":[9526],"11":[3102],"12":[9526],"13":[3357],"14":[9526],"15":[2695],"16":[9526],"17":[9098064],"18":[42280185],"19":[32155822],"20":[9526],"21":[9088538],"22":[9526],"23":[2397],"24":[9526],"25":[7326]},"fnMap":{"0":{"name":"swap","decl":{"start":{"line":1,"column":0},"end":{"line":5,"column":1}},"loc":{"start":{"line":1,"column":0},"end":{"line":5,"column":1}},"line":1},"1":{"name":"median","decl":{"start":{"line":10,"column":7},"end":{"line":74,"column":1}},"loc":{"start":{"line":10,"column":7},"end":{"line":74,"column":1}},"line":10},"2":{"name":"quickSelectInternal","decl":{"start":{"line":11,"column":2},"end":{"line":61,"column":3}},"loc":{"start":{"line":11,"column":2},"end":{"line":61,"column":3}},"line":11}},"f":{"0":9116805,"1":267,"2":522}}
}
